Wed 30 Nov 2022 02:31:17 INFO  
General Hyper Parameters:
gpu_id = 0
use_gpu = True
seed = 2020
state = INFO
reproducibility = True
data_path = dataset/amazon-books
checkpoint_dir = saved
show_progress = True
save_dataset = False
dataset_save_path = None
save_dataloaders = False
dataloaders_save_path = None
log_wandb = False

Training Hyper Parameters:
epochs = 500
train_batch_size = 4096
learner = adam
learning_rate = 0.001
neg_sampling = {'uniform': 1}
eval_step = 1
stopping_step = 50
clip_grad_norm = None
weight_decay = 0.0
loss_decimal_place = 4

Evaluation Hyper Parameters:
eval_args = {'split': {'RS': [0.8, 0.1, 0.1]}, 'group_by': 'user', 'order': 'RO', 'mode': 'full'}
repeatable = False
metrics = ['Recall', 'MRR', 'NDCG', 'Hit', 'Precision']
topk = [10]
valid_metric = MRR@10
valid_metric_bigger = True
eval_batch_size = 102400
metric_decimal_place = 4

Dataset Hyper Parameters:
field_separator = 	
seq_separator =  
USER_ID_FIELD = user_id
ITEM_ID_FIELD = item_id
RATING_FIELD = rating
TIME_FIELD = timestamp
seq_len = None
LABEL_FIELD = label
threshold = None
NEG_PREFIX = neg_
load_col = {'inter': ['user_id', 'item_id', 'rating'], 'kg': ['head_id', 'relation_id', 'tail_id'], 'link': ['item_id', 'entity_id']}
unload_col = None
unused_col = None
additional_feat_suffix = None
rm_dup_inter = None
val_interval = {'rating': '[3,inf)'}
filter_inter_by_user_or_item = True
user_inter_num_interval = [15,inf)
item_inter_num_interval = [15,inf)
alias_of_user_id = None
alias_of_item_id = None
alias_of_entity_id = None
alias_of_relation_id = None
preload_weight = None
normalize_field = None
normalize_all = None
ITEM_LIST_LENGTH_FIELD = item_length
LIST_SUFFIX = _list
MAX_ITEM_LIST_LENGTH = 50
POSITION_FIELD = position_id
HEAD_ENTITY_ID_FIELD = head_id
TAIL_ENTITY_ID_FIELD = tail_id
RELATION_ID_FIELD = relation_id
ENTITY_ID_FIELD = entity_id
benchmark_filename = None

Other Hyper Parameters: 
wandb_project = recbole
require_pow = False
embedding_size = 64
kg_embedding_size = 64
layers = [64]
mess_dropout = 0.1
reg_weight = 1e-05
aggregator_type = bi
MODEL_TYPE = ModelType.KNOWLEDGE
train_neg_sample_args = {'strategy': 'by', 'by': 1, 'distribution': 'uniform', 'dynamic': 'none'}
MODEL_INPUT_TYPE = InputType.PAIRWISE
eval_type = EvaluatorType.RANKING
device = cuda
eval_neg_sample_args = {'strategy': 'full', 'distribution': 'uniform'}


Wed 30 Nov 2022 02:33:21 INFO  amazon-books
The number of users: 58145
Average actions of users: 43.296591221794166
The number of items: 58052
Average actions of items: 43.36595407486521
The number of inters: 2517437
The sparsity of the dataset: 99.9254188544918%
Remain Fields: ['entity_id', 'user_id', 'item_id', 'rating', 'head_id', 'relation_id', 'tail_id']
The number of entities: 234235
The number of relations: 22
The number of triples: 522475
The number of items that have been linked to KG: 9660
Wed 30 Nov 2022 02:33:28 INFO  [Training]: train_batch_size = [4096] negative sampling: [{'uniform': 1}]
Wed 30 Nov 2022 02:33:28 INFO  [Evaluation]: eval_batch_size = [102400] eval_args: [{'split': {'RS': [0.8, 0.1, 0.1]}, 'group_by': 'user', 'order': 'RO', 'mode': 'full'}]
Wed 30 Nov 2022 02:33:47 INFO  KGAT(
  (projection_head): ModuleList(
    (0): Linear(in_features=128, out_features=512, bias=False)
    (1): BatchNorm1d(512, eps=1e-12, momentum=0.1, affine=True, track_running_stats=True)
    (2): Linear(in_features=512, out_features=128, bias=False)
    (3): BatchNorm1d(128, eps=1e-12, momentum=0.1, affine=True, track_running_stats=True)
  )
  (user_embedding): Embedding(58145, 64)
  (entity_embedding): Embedding(234235, 64)
  (relation_embedding): Embedding(22, 64)
  (trans_w): Embedding(22, 4096)
  (aggregator_layers): ModuleList(
    (0): Aggregator(
      (message_dropout): Dropout(p=0.1, inplace=False)
      (W1): Linear(in_features=64, out_features=64, bias=True)
      (W2): Linear(in_features=64, out_features=64, bias=True)
      (activation): LeakyReLU(negative_slope=0.01)
    )
  )
  (tanh): Tanh()
  (mf_loss): BPRLoss()
  (reg_loss): EmbLoss()
  (ce_loss): CrossEntropyLoss()
)
Trainable parameters: 18944512
Wed 30 Nov 2022 03:03:31 INFO  epoch 0 training [time: 1783.45s, train_loss1: 326.8420, train_loss2: 64.5829]
Wed 30 Nov 2022 03:04:30 INFO  epoch 0 evaluating [time: 59.02s, valid_score: 0.017000]
Wed 30 Nov 2022 03:04:30 INFO  valid result: 
recall@10 : 0.0167    mrr@10 : 0.017    ndcg@10 : 0.0115    hit@10 : 0.048    precision@10 : 0.0053
Wed 30 Nov 2022 03:04:32 INFO  Saving current: saved/KGAT-Nov-30-2022_02-33-47.pth
Wed 30 Nov 2022 03:33:56 INFO  epoch 1 training [time: 1763.80s, train_loss1: 275.1746, train_loss2: 34.7637]
Wed 30 Nov 2022 03:34:56 INFO  epoch 1 evaluating [time: 59.90s, valid_score: 0.017400]
Wed 30 Nov 2022 03:34:56 INFO  valid result: 
recall@10 : 0.0168    mrr@10 : 0.0174    ndcg@10 : 0.0117    hit@10 : 0.048    precision@10 : 0.0053
Wed 30 Nov 2022 03:34:57 INFO  Saving current: saved/KGAT-Nov-30-2022_02-33-47.pth
Wed 30 Nov 2022 04:04:16 INFO  epoch 2 training [time: 1758.95s, train_loss1: 257.1675, train_loss2: 23.8020]
Wed 30 Nov 2022 04:05:13 INFO  epoch 2 evaluating [time: 57.03s, valid_score: 0.021300]
Wed 30 Nov 2022 04:05:13 INFO  valid result: 
recall@10 : 0.0207    mrr@10 : 0.0213    ndcg@10 : 0.0146    hit@10 : 0.0576    precision@10 : 0.0063
Wed 30 Nov 2022 04:05:14 INFO  Saving current: saved/KGAT-Nov-30-2022_02-33-47.pth
Wed 30 Nov 2022 04:34:40 INFO  epoch 3 training [time: 1766.17s, train_loss1: 246.6305, train_loss2: 16.0274]
Wed 30 Nov 2022 04:35:38 INFO  epoch 3 evaluating [time: 57.82s, valid_score: 0.025500]
Wed 30 Nov 2022 04:35:38 INFO  valid result: 
recall@10 : 0.0259    mrr@10 : 0.0255    ndcg@10 : 0.0178    hit@10 : 0.0707    precision@10 : 0.0078
Wed 30 Nov 2022 04:35:38 INFO  Saving current: saved/KGAT-Nov-30-2022_02-33-47.pth
Wed 30 Nov 2022 05:04:56 INFO  epoch 4 training [time: 1757.42s, train_loss1: 240.5075, train_loss2: 10.6228]
Wed 30 Nov 2022 05:05:55 INFO  epoch 4 evaluating [time: 59.19s, valid_score: 0.029000]
Wed 30 Nov 2022 05:05:55 INFO  valid result: 
recall@10 : 0.029    mrr@10 : 0.029    ndcg@10 : 0.0199    hit@10 : 0.079    precision@10 : 0.0087
Wed 30 Nov 2022 05:05:56 INFO  Saving current: saved/KGAT-Nov-30-2022_02-33-47.pth
Wed 30 Nov 2022 05:35:10 INFO  epoch 5 training [time: 1754.28s, train_loss1: 232.5716, train_loss2: 7.7320]
Wed 30 Nov 2022 05:36:08 INFO  epoch 5 evaluating [time: 57.69s, valid_score: 0.030000]
Wed 30 Nov 2022 05:36:08 INFO  valid result: 
recall@10 : 0.0297    mrr@10 : 0.03    ndcg@10 : 0.0207    hit@10 : 0.0805    precision@10 : 0.009
Wed 30 Nov 2022 05:36:09 INFO  Saving current: saved/KGAT-Nov-30-2022_02-33-47.pth
Wed 30 Nov 2022 06:05:28 INFO  epoch 6 training [time: 1759.62s, train_loss1: 222.0373, train_loss2: 6.2269]
Wed 30 Nov 2022 06:06:26 INFO  epoch 6 evaluating [time: 57.97s, valid_score: 0.031000]
Wed 30 Nov 2022 06:06:26 INFO  valid result: 
recall@10 : 0.0328    mrr@10 : 0.031    ndcg@10 : 0.0221    hit@10 : 0.0864    precision@10 : 0.0096
Wed 30 Nov 2022 06:06:27 INFO  Saving current: saved/KGAT-Nov-30-2022_02-33-47.pth
Wed 30 Nov 2022 06:35:47 INFO  epoch 7 training [time: 1760.00s, train_loss1: 206.1496, train_loss2: 5.2412]
Wed 30 Nov 2022 06:36:45 INFO  epoch 7 evaluating [time: 58.21s, valid_score: 0.030600]
Wed 30 Nov 2022 06:36:45 INFO  valid result: 
recall@10 : 0.0314    mrr@10 : 0.0306    ndcg@10 : 0.0214    hit@10 : 0.0837    precision@10 : 0.0092
Wed 30 Nov 2022 07:06:04 INFO  epoch 8 training [time: 1758.93s, train_loss1: 186.4395, train_loss2: 4.5959]
Wed 30 Nov 2022 07:07:03 INFO  epoch 8 evaluating [time: 58.31s, valid_score: 0.031100]
Wed 30 Nov 2022 07:07:03 INFO  valid result: 
recall@10 : 0.0316    mrr@10 : 0.0311    ndcg@10 : 0.0217    hit@10 : 0.0831    precision@10 : 0.0091
Wed 30 Nov 2022 07:07:03 INFO  Saving current: saved/KGAT-Nov-30-2022_02-33-47.pth
Wed 30 Nov 2022 07:36:21 INFO  epoch 9 training [time: 1758.26s, train_loss1: 164.5882, train_loss2: 4.1115]
Wed 30 Nov 2022 07:37:19 INFO  epoch 9 evaluating [time: 57.06s, valid_score: 0.032200]
Wed 30 Nov 2022 07:37:19 INFO  valid result: 
recall@10 : 0.0319    mrr@10 : 0.0322    ndcg@10 : 0.0222    hit@10 : 0.0857    precision@10 : 0.0094
Wed 30 Nov 2022 07:37:19 INFO  Saving current: saved/KGAT-Nov-30-2022_02-33-47.pth
Wed 30 Nov 2022 08:06:36 INFO  epoch 10 training [time: 1756.93s, train_loss1: 144.0169, train_loss2: 3.7828]
Wed 30 Nov 2022 08:07:33 INFO  epoch 10 evaluating [time: 57.06s, valid_score: 0.032900]
Wed 30 Nov 2022 08:07:33 INFO  valid result: 
recall@10 : 0.0327    mrr@10 : 0.0329    ndcg@10 : 0.0227    hit@10 : 0.0879    precision@10 : 0.0097
Wed 30 Nov 2022 08:07:34 INFO  Saving current: saved/KGAT-Nov-30-2022_02-33-47.pth
